#
# There is insufficient memory for the Java Runtime Environment to continue.
# Native memory allocation (malloc) failed to allocate 154464 bytes for Chunk::new
# Possible reasons:
#   The system is out of physical RAM or swap space
#   In 32 bit mode, the process size limit was hit
# Possible solutions:
#   Reduce memory load on the system
#   Increase physical memory or swap space
#   Check if swap backing store is full
#   Use 64 bit Java on a 64 bit OS
#   Decrease Java heap size (-Xmx/-Xms)
#   Decrease number of Java threads
#   Decrease Java thread stack sizes (-Xss)
#   Set larger code cache with -XX:ReservedCodeCacheSize=
# This output file may be truncated or incomplete.
#
#  Out of Memory Error (allocation.cpp:390), pid=6068, tid=7984
#
# JRE version: Java(TM) SE Runtime Environment (8.0_91-b15) (build 1.8.0_91-b15)
# Java VM: Java HotSpot(TM) 64-Bit Server VM (25.91-b15 mixed mode windows-amd64 compressed oops)
# Failed to write core dump. Minidumps are not enabled by default on client versions of Windows
#

---------------  T H R E A D  ---------------

Current thread (0x0000000014c4c000):  JavaThread "C2 CompilerThread0" daemon [_thread_in_native, id=7984, stack(0x00000000162b0000,0x00000000163b0000)]

Stack: [0x00000000162b0000,0x00000000163b0000]
[error occurred during error reporting (printing stack bounds), id 0xc0000005]

Native frames: (J=compiled Java code, j=interpreted, Vv=VM code, C=native code)


Current CompileTask:
C2:   2004  475   !   4       com.android.dx.cf.cst.ConstantPoolParser::parse0 (731 bytes)


---------------  P R O C E S S  ---------------

Java Threads: ( => current thread )
  0x0000000016766000 JavaThread "pool-2-thread-4" [_thread_blocked, id=5436, stack(0x0000000016fb0000,0x00000000170b0000)]
  0x0000000016745000 JavaThread "pool-2-thread-3" [_thread_blocked, id=1056, stack(0x0000000016eb0000,0x0000000016fb0000)]
  0x0000000016748000 JavaThread "pool-2-thread-2" [_thread_in_Java, id=4448, stack(0x0000000016db0000,0x0000000016eb0000)]
  0x00000000165d7800 JavaThread "pool-3-thread-1" [_thread_blocked, id=7964, stack(0x0000000016cb0000,0x0000000016db0000)]
  0x00000000165d7000 JavaThread "pool-2-thread-1" [_thread_blocked, id=7388, stack(0x0000000016bb0000,0x0000000016cb0000)]
  0x00000000164bf000 JavaThread "Service Thread" daemon [_thread_blocked, id=6644, stack(0x00000000169b0000,0x0000000016ab0000)]
  0x00000000164b8800 JavaThread "C1 CompilerThread2" daemon [_thread_blocked, id=4756, stack(0x00000000168b0000,0x00000000169b0000)]
  0x0000000014c50000 JavaThread "C2 CompilerThread1" daemon [_thread_blocked, id=5056, stack(0x00000000163b0000,0x00000000164b0000)]
=>0x0000000014c4c000 JavaThread "C2 CompilerThread0" daemon [_thread_in_native, id=7984, stack(0x00000000162b0000,0x00000000163b0000)]
  0x0000000014c4a000 JavaThread "Attach Listener" daemon [_thread_blocked, id=6276, stack(0x00000000161b0000,0x00000000162b0000)]
  0x0000000014c49000 JavaThread "Signal Dispatcher" daemon [_thread_blocked, id=4280, stack(0x00000000160b0000,0x00000000161b0000)]
  0x0000000014c3a800 JavaThread "Finalizer" daemon [_thread_blocked, id=5136, stack(0x0000000015ec0000,0x0000000015fc0000)]
  0x000000000256f000 JavaThread "Reference Handler" daemon [_thread_blocked, id=7584, stack(0x0000000015dc0000,0x0000000015ec0000)]
  0x0000000002480800 JavaThread "main" [_thread_in_native, id=6328, stack(0x00000000021a0000,0x00000000022a0000)]

Other Threads:
  0x0000000014c18000 VMThread [stack: 0x0000000015cc0000,0x0000000015dc0000] [id=1908]
  0x00000000164c2000 WatcherThread [stack: 0x0000000016ab0000,0x0000000016bb0000] [id=5444]

VM state:not at safepoint (normal execution)

VM Mutex/Monitor currently owned by a thread:  ([mutex/lock_event])
[0x000000000247c170] AdapterHandlerLibrary_lock - owner thread: 0x0000000000000000

Heap:
 PSYoungGen      total 18944K, used 9191K [0x00000000eab00000, 0x00000000ec000000, 0x0000000100000000)
  eden space 16384K, 56% used [0x00000000eab00000,0x00000000eb3f9d98,0x00000000ebb00000)
  from space 2560K, 0% used [0x00000000ebd80000,0x00000000ebd80000,0x00000000ec000000)
  to   space 2560K, 0% used [0x00000000ebb00000,0x00000000ebb00000,0x00000000ebd80000)
 ParOldGen       total 44032K, used 0K [0x00000000c0000000, 0x00000000c2b00000, 0x00000000eab00000)
  object space 44032K, 0% used [0x00000000c0000000,0x00000000c0000000,0x00000000c2b00000)
 Metaspace       used 5013K, capacity 6224K, committed 6528K, reserved 1056768K
  class space    used 551K, capacity 584K, committed 640K, reserved 1048576K

Card table byte_map: [0x0000000011940000,0x0000000011b50000] byte_map_base: 0x0000000011340000

Marking Bits: (ParMarkBitMap*) 0x00000000580d2f70
 Begin Bits: [0x00000000120b0000, 0x00000000130b0000)
 End Bits:   [0x00000000130b0000, 0x00000000140b0000)

Polling page: 0x00000000022a0000

CodeCache: size=245760Kb used=2171Kb max_used=2182Kb free=243588Kb
 bounds [0x0000000002580000, 0x00000000027f0000, 0x0000000011580000]
 total_blobs=754 nmethods=493 adapters=174
 compilation: enabled

Compilation events (10 events):
Event: 1.969 Thread 0x00000000164b8800  490   !   3       com.android.dx.rop.code.RegisterSpecSet::get (18 bytes)
Event: 1.969 Thread 0x00000000164b8800 nmethod 490 0x000000000279d890 code [0x000000000279da00, 0x000000000279dc68]
Event: 1.974 Thread 0x0000000014c50000  491       4       sun.misc.MetaIndex::mayContain (51 bytes)
Event: 1.974 Thread 0x00000000164b8800  492   !   3       java.util.zip.ZipFile::getEntry (86 bytes)
Event: 1.975 Thread 0x00000000164b8800 nmethod 492 0x000000000279de10 code [0x000000000279dfe0, 0x000000000279e638]
Event: 1.975 Thread 0x00000000164b8800  493       3       java.util.zip.ZipEntry::<init> (146 bytes)
Event: 1.976 Thread 0x00000000164b8800 nmethod 493 0x000000000279e910 code [0x000000000279eaa0, 0x000000000279eec8]
Event: 1.976 Thread 0x00000000164b8800  494   !   3       sun.misc.URLClassPath$JarLoader::checkResource (55 bytes)
Event: 1.977 Thread 0x00000000164b8800 nmethod 494 0x000000000279f050 code [0x000000000279f200, 0x000000000279f868]
Event: 1.986 Thread 0x0000000014c50000 nmethod 491 0x00000000027a2ad0 code [0x00000000027a2c20, 0x00000000027a2f18]

GC Heap History (0 events):
No events

Deoptimization events (0 events):
No events

Internal exceptions (2 events):
Event: 0.326 Thread 0x0000000002480800 Exception <a 'java/lang/NoSuchMethodError': Method sun.misc.Unsafe.defineClass(Ljava/lang/String;[BII)Ljava/lang/Class; name or signature does not match> (0x00000000eab07cc0) thrown at [C:\re\workspace\8-2-build-windows-amd64-cygwin\jdk8u91\7017\hotspot\sr(Súÿ¨äÔ?
Event: 0.326 Thread 0x0000000002480800 Exception <a 'java/lang/NoSuchMethodError': Method sun.misc.Unsafe.prefetchRead(Ljava/lang/Object;J)V name or signature does not match> (0x00000000eab07fa8) thrown at [C:\re\workspace\8-2-build-windows-amd64-cygwin\jdk8u91\7017\hotspot\src\share\vm\prims\j

Events (10 events):
Event: 1.993 loading class com/android/dx/dex/code/BlockAddresses
Event: 1.993 loading class com/android/dx/dex/code/BlockAddresses done
Event: 1.995 loading class com/android/dx/dex/code/HighRegisterPrefix
Event: 1.995 loading class com/android/dx/dex/code/HighRegisterPrefix done
Event: 1.995 loading class com/android/dx/dex/code/VariableSizeInsn
Event: 1.995 loading class com/android/dx/dex/code/VariableSizeInsn done
Event: 1.996 loading class com/android/dx/dex/code/SimpleInsn
Event: 1.996 loading class com/android/dx/dex/code/SimpleInsn done
Event: 1.999 loading class com/android/dx/dex/code/Dops
Event: 1.999 loading class com/android/dx/dex/code/Dops done


Dynamic libraries:
0x00007ff784e60000 - 0x00007ff784e97000 	C:\Program Files\Java\jdk1.8.0_91\bin\java.exe
0x00007fffdb550000 - 0x00007fffdb711000 	C:\WINDOWS\SYSTEM32\ntdll.dll
0x00007fffdaaf0000 - 0x00007fffdab9d000 	C:\WINDOWS\system32\KERNEL32.DLL
0x00007fffd7d20000 - 0x00007fffd7f08000 	C:\WINDOWS\system32\KERNELBASE.dll
0x00007fffdb1d0000 - 0x00007fffdb277000 	C:\WINDOWS\system32\ADVAPI32.dll
0x00007fffd8930000 - 0x00007fffd89cd000 	C:\WINDOWS\system32\msvcrt.dll
0x00007fffda7f0000 - 0x00007fffda84b000 	C:\WINDOWS\system32\sechost.dll
0x00007fffdb050000 - 0x00007fffdb16c000 	C:\WINDOWS\system32\RPCRT4.dll
0x00007fffd89d0000 - 0x00007fffd8b26000 	C:\WINDOWS\system32\USER32.dll
0x00007fffda320000 - 0x00007fffda4a6000 	C:\WINDOWS\system32\GDI32.dll
0x00007fffca5e0000 - 0x00007fffca854000 	C:\WINDOWS\WinSxS\amd64_microsoft.windows.common-controls_6595b64144ccf1df_6.0.10586.0_none_8c15ae12515e1c22\COMCTL32.dll
0x00007fffda850000 - 0x00007fffdaacd000 	C:\WINDOWS\system32\combase.dll
0x00007fffd7be0000 - 0x00007fffd7c4a000 	C:\WINDOWS\system32\bcryptPrimitives.dll
0x00007fffda580000 - 0x00007fffda5bb000 	C:\WINDOWS\system32\IMM32.DLL
0x0000000057360000 - 0x0000000057432000 	C:\Program Files\Java\jdk1.8.0_91\jre\bin\msvcr100.dll
0x00000000578c0000 - 0x0000000058153000 	C:\Program Files\Java\jdk1.8.0_91\jre\bin\server\jvm.dll
0x00007fffda7e0000 - 0x00007fffda7e8000 	C:\WINDOWS\system32\PSAPI.DLL
0x00007fffcc630000 - 0x00007fffcc639000 	C:\WINDOWS\SYSTEM32\WSOCK32.dll
0x00007fffdafd0000 - 0x00007fffdb03b000 	C:\WINDOWS\system32\WS2_32.dll
0x00007fffd5e60000 - 0x00007fffd5e83000 	C:\WINDOWS\SYSTEM32\WINMM.dll
0x00007fffcd320000 - 0x00007fffcd32a000 	C:\WINDOWS\SYSTEM32\VERSION.dll
0x00007fffd5e30000 - 0x00007fffd5e5c000 	C:\WINDOWS\SYSTEM32\WINMMBASE.dll
0x00007fffd7cd0000 - 0x00007fffd7d13000 	C:\WINDOWS\system32\cfgmgr32.dll
0x00000000577d0000 - 0x00000000577df000 	C:\Program Files\Java\jdk1.8.0_91\jre\bin\verify.dll
0x00000000577a0000 - 0x00000000577c9000 	C:\Program Files\Java\jdk1.8.0_91\jre\bin\java.dll
0x0000000057780000 - 0x0000000057796000 	C:\Program Files\Java\jdk1.8.0_91\jre\bin\zip.dll
0x00007fffd8b30000 - 0x00007fffda08c000 	C:\WINDOWS\system32\SHELL32.dll
0x00007fffd82e0000 - 0x00007fffd8924000 	C:\WINDOWS\system32\windows.storage.dll
0x00007fffdb170000 - 0x00007fffdb1c2000 	C:\WINDOWS\system32\shlwapi.dll
0x00007fffd7b80000 - 0x00007fffd7b8f000 	C:\WINDOWS\system32\kernel.appcore.dll
0x00007fffd80e0000 - 0x00007fffd8195000 	C:\WINDOWS\system32\shcore.dll
0x00007fffd7b90000 - 0x00007fffd7bdb000 	C:\WINDOWS\system32\powrprof.dll
0x00007fffd7b50000 - 0x00007fffd7b64000 	C:\WINDOWS\system32\profapi.dll

VM Arguments:
jvm_args: -Djava.awt.headless=true -Xmx1024M -Dfile.encoding=windows-1251 -Duser.country=RU -Duser.language=ru -Duser.variant 
java_command: com.android.dx.command.Main --dex --force-jumbo --num-threads=4 --multi-dex --output C:\Users\arnis\Desktop\Runner\app\build\intermediates\transforms\dex\debug\folders\1000\5\slice_8 C:\Users\arnis\Desktop\Runner\app\build\intermediates\transforms\instantRunSlicer\debug\folders\1\5\slice_8
java_class_path (initial): C:\Users\arnis\AppData\Local\Android\sdk\build-tools\24.0.0\lib\dx.jar
Launcher Type: SUN_STANDARD

Environment Variables:
CLASSPATH=.;C:\Program Files (x86)\Java\jre6\lib\ext\QTJava.zip
PATH=C:\ProgramData\Oracle\Java\javapath;C:\Program Files\Common Files\Microsoft Shared\Windows Live;C:\Program Files (x86)\Common Files\Microsoft Shared\Windows Live;C:\WINDOWS\system32;C:\WINDOWS;C:\WINDOWS\System32\Wbem;C:\WINDOWS\System32\WindowsPowerShell\v1.0\;C:\Program Files\Intel\WiFi\bin\;C:\Program Files\Common Files\Intel\WirelessCommon\;C:\Program Files (x86)\Windows Live\Shared;C:\Program Files (x86)\QuickTime\QTSystem\;C:\WINDOWS\system32\config\systemprofile\.dnx\bin;C:\Program Files\Microsoft DNX\Dnvm\
USERNAME=arnis
OS=Windows_NT
PROCESSOR_IDENTIFIER=Intel64 Family 6 Model 42 Stepping 7, GenuineIntel



---------------  S Y S T E M  ---------------

OS: Windows 10.0 , 64 bit Build 10586 (10.0.10586.0)

CPU:total 4 (2 cores per cpu, 2 threads per core) family 6 model 42 stepping 7, cmov, cx8, fxsr, mmx, sse, sse2, sse3, ssse3, sse4.1, sse4.2, popcnt, avx, aes, clmul, ht, tsc, tscinvbit

Memory: 4k page, physical 4085992k(240404k free), swap 16612452k(5176k free)

vm_info: Java HotSpot(TM) 64-Bit Server VM (25.91-b15) for windows-amd64 JRE (1.8.0_91-b15), built on May 20 2016 17:43:15 by "java_re" with MS VC++ 10.0 (VS2010)

time: Mon Jul 04 16:22:52 2016
elapsed time: 2 seconds (0d 0h 0m 2s)

