#
# There is insufficient memory for the Java Runtime Environment to continue.
# Native memory allocation (malloc) failed to allocate 1048576 bytes for AllocateHeap
# Possible reasons:
#   The system is out of physical RAM or swap space
#   In 32 bit mode, the process size limit was hit
# Possible solutions:
#   Reduce memory load on the system
#   Increase physical memory or swap space
#   Check if swap backing store is full
#   Use 64 bit Java on a 64 bit OS
#   Decrease Java heap size (-Xmx/-Xms)
#   Decrease number of Java threads
#   Decrease Java thread stack sizes (-Xss)
#   Set larger code cache with -XX:ReservedCodeCacheSize=
# This output file may be truncated or incomplete.
#
#  Out of Memory Error (memory/allocation.inline.hpp:61), pid=6352, tid=6424
#
# JRE version:  (8.0_91-b15) (build )
# Java VM: Java HotSpot(TM) 64-Bit Server VM (25.91-b15 mixed mode windows-amd64 compressed oops)
# Failed to write core dump. Minidumps are not enabled by default on client versions of Windows
#

---------------  T H R E A D  ---------------

Current thread (0x0000000002f90800):  JavaThread "Unknown thread" [_thread_in_vm, id=6424, stack(0x0000000002e10000,0x0000000002f10000)]

Stack: [0x0000000002e10000,0x0000000002f10000]
[error occurred during error reporting (printing stack bounds), id 0xc0000005]

Native frames: (J=compiled Java code, j=interpreted, Vv=VM code, C=native code)


---------------  P R O C E S S  ---------------

Java Threads: ( => current thread )

Other Threads:

=>0x0000000002f90800 (exited) JavaThread "Unknown thread" [_thread_in_vm, id=6424, stack(0x0000000002e10000,0x0000000002f10000)]

VM state:not at safepoint (normal execution)

VM Mutex/Monitor currently owned by a thread: None

Heap:
 PSYoungGen      total 18944K, used 327K [0x00000000eab00000, 0x00000000ec000000, 0x0000000100000000)
  eden space 16384K, 2% used [0x00000000eab00000,0x00000000eab51ec8,0x00000000ebb00000)
  from space 2560K, 0% used [0x00000000ebd80000,0x00000000ebd80000,0x00000000ec000000)
  to   space 2560K, 0% used [0x00000000ebb00000,0x00000000ebb00000,0x00000000ebd80000)
 ParOldGen       total 44032K, used 0K [0x00000000c0000000, 0x00000000c2b00000, 0x00000000eab00000)
  object space 44032K, 0% used [0x00000000c0000000,0x00000000c0000000,0x00000000c2b00000)
 Metaspace       used 769K, capacity 4480K, committed 4480K, reserved 1056768K
  class space    used 75K, capacity 384K, committed 384K, reserved 1048576K

Card table byte_map: [0x0000000012450000,0x0000000012660000] byte_map_base: 0x0000000011e50000

Marking Bits: (ParMarkBitMap*) 0x00000000580d2f70
 Begin Bits: [0x0000000012bc0000, 0x0000000013bc0000)
 End Bits:   [0x0000000013bc0000, 0x0000000014bc0000)

Polling page: 0x0000000001540000

CodeCache: size=245760Kb used=328Kb max_used=328Kb free=245431Kb
 bounds [0x0000000003090000, 0x0000000003300000, 0x0000000012090000]
 total_blobs=58 nmethods=0 adapters=38
 compilation: enabled

Compilation events (0 events):
No events

GC Heap History (0 events):
No events

Deoptimization events (0 events):
No events

Internal exceptions (0 events):
No events

Events (10 events):
Event: 0.063 loading class java/lang/Short
Event: 0.063 loading class java/lang/Short done
Event: 0.063 loading class java/lang/Integer
Event: 0.064 loading class java/lang/Integer done
Event: 0.064 loading class java/lang/Long
Event: 0.064 loading class java/lang/Long done
Event: 0.066 loading class java/lang/NullPointerException
Event: 0.067 loading class java/lang/NullPointerException done
Event: 0.067 loading class java/lang/ArithmeticException
Event: 0.067 loading class java/lang/ArithmeticException done


Dynamic libraries:
0x00007ff784e60000 - 0x00007ff784e97000 	C:\Program Files\Java\jdk1.8.0_91\bin\java.exe
0x00007fffdb550000 - 0x00007fffdb711000 	C:\WINDOWS\SYSTEM32\ntdll.dll
0x00007fffdaaf0000 - 0x00007fffdab9d000 	C:\WINDOWS\system32\KERNEL32.DLL
0x00007fffd7d20000 - 0x00007fffd7f08000 	C:\WINDOWS\system32\KERNELBASE.dll
0x00007fffdb1d0000 - 0x00007fffdb277000 	C:\WINDOWS\system32\ADVAPI32.dll
0x00007fffd8930000 - 0x00007fffd89cd000 	C:\WINDOWS\system32\msvcrt.dll
0x00007fffda7f0000 - 0x00007fffda84b000 	C:\WINDOWS\system32\sechost.dll
0x00007fffdb050000 - 0x00007fffdb16c000 	C:\WINDOWS\system32\RPCRT4.dll
0x00007fffd89d0000 - 0x00007fffd8b26000 	C:\WINDOWS\system32\USER32.dll
0x00007fffda320000 - 0x00007fffda4a6000 	C:\WINDOWS\system32\GDI32.dll
0x00007fffca5e0000 - 0x00007fffca854000 	C:\WINDOWS\WinSxS\amd64_microsoft.windows.common-controls_6595b64144ccf1df_6.0.10586.0_none_8c15ae12515e1c22\COMCTL32.dll
0x00007fffda850000 - 0x00007fffdaacd000 	C:\WINDOWS\system32\combase.dll
0x00007fffd7be0000 - 0x00007fffd7c4a000 	C:\WINDOWS\system32\bcryptPrimitives.dll
0x00007fffda580000 - 0x00007fffda5bb000 	C:\WINDOWS\system32\IMM32.DLL
0x0000000057360000 - 0x0000000057432000 	C:\Program Files\Java\jdk1.8.0_91\jre\bin\msvcr100.dll
0x00000000578c0000 - 0x0000000058153000 	C:\Program Files\Java\jdk1.8.0_91\jre\bin\server\jvm.dll
0x00007fffda7e0000 - 0x00007fffda7e8000 	C:\WINDOWS\system32\PSAPI.DLL
0x00007fffcc630000 - 0x00007fffcc639000 	C:\WINDOWS\SYSTEM32\WSOCK32.dll
0x00007fffdafd0000 - 0x00007fffdb03b000 	C:\WINDOWS\system32\WS2_32.dll
0x00007fffd5e60000 - 0x00007fffd5e83000 	C:\WINDOWS\SYSTEM32\WINMM.dll
0x00007fffcd320000 - 0x00007fffcd32a000 	C:\WINDOWS\SYSTEM32\VERSION.dll
0x00007fffd5e30000 - 0x00007fffd5e5c000 	C:\WINDOWS\SYSTEM32\WINMMBASE.dll
0x00007fffd7cd0000 - 0x00007fffd7d13000 	C:\WINDOWS\system32\cfgmgr32.dll
0x00000000577d0000 - 0x00000000577df000 	C:\Program Files\Java\jdk1.8.0_91\jre\bin\verify.dll
0x00000000577a0000 - 0x00000000577c9000 	C:\Program Files\Java\jdk1.8.0_91\jre\bin\java.dll
0x0000000057780000 - 0x0000000057796000 	C:\Program Files\Java\jdk1.8.0_91\jre\bin\zip.dll

VM Arguments:
jvm_args: -Djava.awt.headless=true -Xmx1024M -Dfile.encoding=windows-1251 -Duser.country=RU -Duser.language=ru -Duser.variant 
java_command: com.android.dx.command.Main --dex --force-jumbo --num-threads=4 --multi-dex --output C:\Users\arnis\Desktop\Runner\app\build\intermediates\transforms\dex\debug\folders\1000\10\instant-run-bootstrap_bd8f08716453015aed41e145604ad66a460ab298 C:\Users\arnis\Desktop\Runner\app\build\intermediates\incremental-classes\debug\instant-run-bootstrap.jar
java_class_path (initial): C:\Users\arnis\AppData\Local\Android\sdk\build-tools\24.0.0\lib\dx.jar
Launcher Type: SUN_STANDARD

Environment Variables:
CLASSPATH=.;C:\Program Files (x86)\Java\jre6\lib\ext\QTJava.zip
PATH=C:\ProgramData\Oracle\Java\javapath;C:\Program Files\Common Files\Microsoft Shared\Windows Live;C:\Program Files (x86)\Common Files\Microsoft Shared\Windows Live;C:\WINDOWS\system32;C:\WINDOWS;C:\WINDOWS\System32\Wbem;C:\WINDOWS\System32\WindowsPowerShell\v1.0\;C:\Program Files\Intel\WiFi\bin\;C:\Program Files\Common Files\Intel\WirelessCommon\;C:\Program Files (x86)\Windows Live\Shared;C:\Program Files (x86)\QuickTime\QTSystem\;C:\WINDOWS\system32\config\systemprofile\.dnx\bin;C:\Program Files\Microsoft DNX\Dnvm\
USERNAME=arnis
OS=Windows_NT
PROCESSOR_IDENTIFIER=Intel64 Family 6 Model 42 Stepping 7, GenuineIntel



---------------  S Y S T E M  ---------------

OS: Windows 10.0 , 64 bit Build 10586 (10.0.10586.0)

CPU:total 4 (2 cores per cpu, 2 threads per core) family 6 model 42 stepping 7, cmov, cx8, fxsr, mmx, sse, sse2, sse3, ssse3, sse4.1, sse4.2, popcnt, avx, aes, clmul, ht, tsc, tscinvbit

Memory: 4k page, physical 4085992k(300892k free), swap 16612452k(5252k free)

vm_info: Java HotSpot(TM) 64-Bit Server VM (25.91-b15) for windows-amd64 JRE (1.8.0_91-b15), built on May 20 2016 17:43:15 by "java_re" with MS VC++ 10.0 (VS2010)

time: Mon Jul 04 16:25:17 2016
elapsed time: 0 seconds (0d 0h 0m 0s)

