#
# There is insufficient memory for the Java Runtime Environment to continue.
# Native memory allocation (malloc) failed to allocate 32744 bytes for ChunkPool::allocate
# Possible reasons:
#   The system is out of physical RAM or swap space
#   In 32 bit mode, the process size limit was hit
# Possible solutions:
#   Reduce memory load on the system
#   Increase physical memory or swap space
#   Check if swap backing store is full
#   Use 64 bit Java on a 64 bit OS
#   Decrease Java heap size (-Xmx/-Xms)
#   Decrease number of Java threads
#   Decrease Java thread stack sizes (-Xss)
#   Set larger code cache with -XX:ReservedCodeCacheSize=
# This output file may be truncated or incomplete.
#
#  Out of Memory Error (allocation.cpp:273), pid=596, tid=7860
#
# JRE version: Java(TM) SE Runtime Environment (8.0_91-b15) (build 1.8.0_91-b15)
# Java VM: Java HotSpot(TM) 64-Bit Server VM (25.91-b15 mixed mode windows-amd64 compressed oops)
# Failed to write core dump. Minidumps are not enabled by default on client versions of Windows
#

---------------  T H R E A D  ---------------

Current thread (0x0000000015212800):  JavaThread "C1 CompilerThread2" daemon [_thread_in_native, id=7860, stack(0x0000000016a20000,0x0000000016b20000)]

Stack: [0x0000000016a20000,0x0000000016b20000]
[error occurred during error reporting (printing stack bounds), id 0xc0000005]

Native frames: (J=compiled Java code, j=interpreted, Vv=VM code, C=native code)


Current CompileTask:
C1:   1943  451   !   3       com.android.dx.cf.code.BytecodeArray::parseInstruction (2764 bytes)


---------------  P R O C E S S  ---------------

Java Threads: ( => current thread )
  0x0000000016c7e000 JavaThread "pool-2-thread-4" [_thread_blocked, id=980, stack(0x0000000017520000,0x0000000017620000)]
  0x0000000016c7d000 JavaThread "pool-2-thread-3" [_thread_in_Java, id=1804, stack(0x0000000017420000,0x0000000017520000)]
  0x0000000016c78000 JavaThread "pool-2-thread-2" [_thread_blocked, id=2704, stack(0x0000000017320000,0x0000000017420000)]
  0x0000000016c75800 JavaThread "pool-3-thread-1" [_thread_blocked, id=616, stack(0x0000000017220000,0x0000000017320000)]
  0x0000000016c5d000 JavaThread "pool-2-thread-1" [_thread_blocked, id=6748, stack(0x0000000017120000,0x0000000017220000)]
  0x0000000016b25000 JavaThread "Service Thread" daemon [_thread_blocked, id=3952, stack(0x0000000016f20000,0x0000000017020000)]
=>0x0000000015212800 JavaThread "C1 CompilerThread2" daemon [_thread_in_native, id=7860, stack(0x0000000016a20000,0x0000000016b20000)]
  0x00000000151c2800 JavaThread "C2 CompilerThread1" daemon [_thread_blocked, id=3632, stack(0x0000000016920000,0x0000000016a20000)]
  0x00000000151be800 JavaThread "C2 CompilerThread0" daemon [_thread_blocked, id=3132, stack(0x0000000016820000,0x0000000016920000)]
  0x00000000151bc800 JavaThread "Attach Listener" daemon [_thread_blocked, id=7036, stack(0x0000000016720000,0x0000000016820000)]
  0x00000000151bb800 JavaThread "Signal Dispatcher" daemon [_thread_blocked, id=3600, stack(0x0000000016620000,0x0000000016720000)]
  0x00000000151aa000 JavaThread "Finalizer" daemon [_thread_blocked, id=1224, stack(0x0000000016430000,0x0000000016530000)]
  0x0000000015189000 JavaThread "Reference Handler" daemon [_thread_blocked, id=5344, stack(0x0000000016330000,0x0000000016430000)]
  0x00000000029f0800 JavaThread "main" [_thread_in_native, id=2620, stack(0x00000000028f0000,0x00000000029f0000)]

Other Threads:
  0x0000000015187000 VMThread [stack: 0x0000000016230000,0x0000000016330000] [id=6328]
  0x0000000016b32000 WatcherThread [stack: 0x0000000017020000,0x0000000017120000] [id=4696]

VM state:not at safepoint (normal execution)

VM Mutex/Monitor currently owned by a thread: None

Heap:
 PSYoungGen      total 18944K, used 10162K [0x00000000eab00000, 0x00000000ec000000, 0x0000000100000000)
  eden space 16384K, 62% used [0x00000000eab00000,0x00000000eb4ecb10,0x00000000ebb00000)
  from space 2560K, 0% used [0x00000000ebd80000,0x00000000ebd80000,0x00000000ec000000)
  to   space 2560K, 0% used [0x00000000ebb00000,0x00000000ebb00000,0x00000000ebd80000)
 ParOldGen       total 44032K, used 0K [0x00000000c0000000, 0x00000000c2b00000, 0x00000000eab00000)
  object space 44032K, 0% used [0x00000000c0000000,0x00000000c0000000,0x00000000c2b00000)
 Metaspace       used 5427K, capacity 6448K, committed 6528K, reserved 1056768K
  class space    used 591K, capacity 616K, committed 640K, reserved 1048576K

Card table byte_map: [0x0000000011eb0000,0x00000000120c0000] byte_map_base: 0x00000000118b0000

Marking Bits: (ParMarkBitMap*) 0x00000000580d2f70
 Begin Bits: [0x0000000012620000, 0x0000000013620000)
 End Bits:   [0x0000000013620000, 0x0000000014620000)

Polling page: 0x0000000000ff0000

CodeCache: size=245760Kb used=2015Kb max_used=2026Kb free=243744Kb
 bounds [0x0000000002af0000, 0x0000000002d60000, 0x0000000011af0000]
 total_blobs=722 nmethods=453 adapters=182
 compilation: enabled

Compilation events (10 events):
Event: 1.922 Thread 0x0000000015212800 nmethod 449 0x0000000002ce7dd0 code [0x0000000002ce7f40, 0x0000000002ce80a8]
Event: 1.922 Thread 0x0000000015212800  451   !   3       com.android.dx.cf.code.BytecodeArray::parseInstruction (2764 bytes)
Event: 1.926 Thread 0x00000000151c2800  456       4       com.android.dx.util.MutabilityControl::throwIfImmutable (18 bytes)
Event: 1.927 Thread 0x00000000151c2800 nmethod 456 0x0000000002ceae10 code [0x0000000002ceaf40, 0x0000000002ceafb8]
Event: 1.933 Thread 0x00000000151be800  460       4       com.android.dx.rop.type.Type::getCategory (36 bytes)
Event: 1.934 Thread 0x00000000151be800 nmethod 460 0x0000000002ceb050 code [0x0000000002ceb180, 0x0000000002ceb1f8]
Event: 1.935 Thread 0x00000000151c2800  462       4       java.util.BitSet::checkInvariants (111 bytes)
Event: 1.935 Thread 0x00000000151be800  463       4       java.util.ArrayList$Itr::hasNext (20 bytes)
Event: 1.936 Thread 0x00000000151c2800 nmethod 462 0x0000000002ceb250 code [0x0000000002ceb380, 0x0000000002ceb3d8]
Event: 1.937 Thread 0x00000000151be800 nmethod 463 0x0000000002ceb450 code [0x0000000002ceb580, 0x0000000002ceb5f8]

GC Heap History (0 events):
No events

Deoptimization events (0 events):
No events

Internal exceptions (2 events):
Event: 0.116 Thread 0x00000000029f0800 Exception <a 'java/lang/NoSuchMethodError': Method sun.misc.Unsafe.defineClass(Ljava/lang/String;[BII)Ljava/lang/Class; name or signature does not match> (0x00000000eab07cc0) thrown at [C:\re\workspace\8-2-build-windows-amd64-cygwin\jdk8u91\7017\hotspot\srw×ø74»½?
Event: 0.116 Thread 0x00000000029f0800 Exception <a 'java/lang/NoSuchMethodError': Method sun.misc.Unsafe.prefetchRead(Ljava/lang/Object;J)V name or signature does not match> (0x00000000eab07fa8) thrown at [C:\re\workspace\8-2-build-windows-amd64-cygwin\jdk8u91\7017\hotspot\src\share\vm\prims\j

Events (10 events):
Event: 1.888 loading class com/android/dx/dex/code/DalvCode done
Event: 1.889 loading class java/io/PrintWriter
Event: 1.890 loading class java/io/PrintWriter done
Event: 1.890 loading class com/android/dx/dex/file/DebugInfoItem
Event: 1.890 loading class com/android/dx/dex/file/DebugInfoItem done
Event: 1.892 loading class com/android/dx/dex/file/MethodAnnotationStruct
Event: 1.892 loading class com/android/dx/dex/file/MethodAnnotationStruct done
Event: 1.899 loading class com/android/dx/cf/code/Ropper$ExceptionHandlerSetup
Event: 1.899 loading class com/android/dx/cf/code/Ropper$ExceptionHandlerSetup done
Event: 1.903 loading class java/util/HashMap$Values


Dynamic libraries:
0x00007ff784e60000 - 0x00007ff784e97000 	C:\Program Files\Java\jdk1.8.0_91\bin\java.exe
0x00007fffdb550000 - 0x00007fffdb711000 	C:\WINDOWS\SYSTEM32\ntdll.dll
0x00007fffdaaf0000 - 0x00007fffdab9d000 	C:\WINDOWS\system32\KERNEL32.DLL
0x00007fffd7d20000 - 0x00007fffd7f08000 	C:\WINDOWS\system32\KERNELBASE.dll
0x00007fffdb1d0000 - 0x00007fffdb277000 	C:\WINDOWS\system32\ADVAPI32.dll
0x00007fffd8930000 - 0x00007fffd89cd000 	C:\WINDOWS\system32\msvcrt.dll
0x00007fffda7f0000 - 0x00007fffda84b000 	C:\WINDOWS\system32\sechost.dll
0x00007fffdb050000 - 0x00007fffdb16c000 	C:\WINDOWS\system32\RPCRT4.dll
0x00007fffd89d0000 - 0x00007fffd8b26000 	C:\WINDOWS\system32\USER32.dll
0x00007fffda320000 - 0x00007fffda4a6000 	C:\WINDOWS\system32\GDI32.dll
0x00007fffca5e0000 - 0x00007fffca854000 	C:\WINDOWS\WinSxS\amd64_microsoft.windows.common-controls_6595b64144ccf1df_6.0.10586.0_none_8c15ae12515e1c22\COMCTL32.dll
0x00007fffda850000 - 0x00007fffdaacd000 	C:\WINDOWS\system32\combase.dll
0x00007fffd7be0000 - 0x00007fffd7c4a000 	C:\WINDOWS\system32\bcryptPrimitives.dll
0x00007fffda580000 - 0x00007fffda5bb000 	C:\WINDOWS\system32\IMM32.DLL
0x0000000057360000 - 0x0000000057432000 	C:\Program Files\Java\jdk1.8.0_91\jre\bin\msvcr100.dll
0x00000000578c0000 - 0x0000000058153000 	C:\Program Files\Java\jdk1.8.0_91\jre\bin\server\jvm.dll
0x00007fffda7e0000 - 0x00007fffda7e8000 	C:\WINDOWS\system32\PSAPI.DLL
0x00007fffd5e60000 - 0x00007fffd5e83000 	C:\WINDOWS\SYSTEM32\WINMM.dll
0x00007fffcd320000 - 0x00007fffcd32a000 	C:\WINDOWS\SYSTEM32\VERSION.dll
0x00007fffd5e30000 - 0x00007fffd5e5c000 	C:\WINDOWS\SYSTEM32\WINMMBASE.dll
0x00007fffd7cd0000 - 0x00007fffd7d13000 	C:\WINDOWS\system32\cfgmgr32.dll
0x00007fffcc630000 - 0x00007fffcc639000 	C:\WINDOWS\SYSTEM32\WSOCK32.dll
0x00007fffdafd0000 - 0x00007fffdb03b000 	C:\WINDOWS\system32\WS2_32.dll
0x00000000577d0000 - 0x00000000577df000 	C:\Program Files\Java\jdk1.8.0_91\jre\bin\verify.dll
0x00000000577a0000 - 0x00000000577c9000 	C:\Program Files\Java\jdk1.8.0_91\jre\bin\java.dll
0x0000000057780000 - 0x0000000057796000 	C:\Program Files\Java\jdk1.8.0_91\jre\bin\zip.dll
0x00007fffd8b30000 - 0x00007fffda08c000 	C:\WINDOWS\system32\SHELL32.dll
0x00007fffd82e0000 - 0x00007fffd8924000 	C:\WINDOWS\system32\windows.storage.dll
0x00007fffdb170000 - 0x00007fffdb1c2000 	C:\WINDOWS\system32\shlwapi.dll
0x00007fffd7b80000 - 0x00007fffd7b8f000 	C:\WINDOWS\system32\kernel.appcore.dll
0x00007fffd80e0000 - 0x00007fffd8195000 	C:\WINDOWS\system32\shcore.dll
0x00007fffd7b90000 - 0x00007fffd7bdb000 	C:\WINDOWS\system32\powrprof.dll
0x00007fffd7b50000 - 0x00007fffd7b64000 	C:\WINDOWS\system32\profapi.dll

VM Arguments:
jvm_args: -Djava.awt.headless=true -Xmx1024M -Dfile.encoding=windows-1251 -Duser.country=RU -Duser.language=ru -Duser.variant 
java_command: com.android.dx.command.Main --dex --force-jumbo --num-threads=4 --multi-dex --output C:\Users\arnis\Desktop\Runner\app\build\intermediates\transforms\dex\debug\folders\1000\10\instant-run_ff34821e109dd738e2d621848ce0b4f8e1be5967 C:\Users\arnis\Desktop\Runner\app\build\intermediates\incremental-runtime-classes\debug\instant-run.jar
java_class_path (initial): C:\Users\arnis\AppData\Local\Android\sdk\build-tools\24.0.0\lib\dx.jar
Launcher Type: SUN_STANDARD

Environment Variables:
CLASSPATH=.;C:\Program Files (x86)\Java\jre6\lib\ext\QTJava.zip
PATH=C:\ProgramData\Oracle\Java\javapath;C:\Program Files\Common Files\Microsoft Shared\Windows Live;C:\Program Files (x86)\Common Files\Microsoft Shared\Windows Live;C:\WINDOWS\system32;C:\WINDOWS;C:\WINDOWS\System32\Wbem;C:\WINDOWS\System32\WindowsPowerShell\v1.0\;C:\Program Files\Intel\WiFi\bin\;C:\Program Files\Common Files\Intel\WirelessCommon\;C:\Program Files (x86)\Windows Live\Shared;C:\Program Files (x86)\QuickTime\QTSystem\;C:\WINDOWS\system32\config\systemprofile\.dnx\bin;C:\Program Files\Microsoft DNX\Dnvm\
USERNAME=arnis
OS=Windows_NT
PROCESSOR_IDENTIFIER=Intel64 Family 6 Model 42 Stepping 7, GenuineIntel



---------------  S Y S T E M  ---------------

OS: Windows 10.0 , 64 bit Build 10586 (10.0.10586.0)

CPU:total 4 (2 cores per cpu, 2 threads per core) family 6 model 42 stepping 7, cmov, cx8, fxsr, mmx, sse, sse2, sse3, ssse3, sse4.1, sse4.2, popcnt, avx, aes, clmul, ht, tsc, tscinvbit

Memory: 4k page, physical 4085992k(199440k free), swap 16612452k(5132k free)

vm_info: Java HotSpot(TM) 64-Bit Server VM (25.91-b15) for windows-amd64 JRE (1.8.0_91-b15), built on May 20 2016 17:43:15 by "java_re" with MS VC++ 10.0 (VS2010)

time: Mon Jul 04 16:22:26 2016
elapsed time: 1 seconds (0d 0h 0m 1s)

